<?xml version="1.0" encoding="UTF-8"?>
<testsuite xmlns:xsi="http://www.w3.org/2001/XMLSchema-instance" xsi:noNamespaceSchemaLocation="https://maven.apache.org/surefire/maven-surefire-plugin/xsd/surefire-test-report-3.0.xsd" version="3.0" name="kelompok1.example.AppTest" time="0.062" tests="3" errors="0" skipped="0" failures="0">
  <properties>
    <property name="java.specification.version" value="20"/>
    <property name="sun.cpu.isalist" value="amd64"/>
    <property name="sun.jnu.encoding" value="Cp1252"/>
    <property name="java.class.path" value="D:\ITTP KULIAH RPL 2022\SMT 6\KONSTRUKSI PERANGKAT LUNAK\Tugas\DesignPattern #CobaAjaDulu\SimpleJavaCIProject\target\test-classes;D:\ITTP KULIAH RPL 2022\SMT 6\KONSTRUKSI PERANGKAT LUNAK\Tugas\DesignPattern #CobaAjaDulu\SimpleJavaCIProject\target\classes;C:\Users\hamid\.m2\repository\junit\junit\4.13.2\junit-4.13.2.jar;C:\Users\hamid\.m2\repository\org\hamcrest\hamcrest-core\1.3\hamcrest-core-1.3.jar;"/>
    <property name="java.vm.vendor" value="Oracle Corporation"/>
    <property name="sun.arch.data.model" value="64"/>
    <property name="user.variant" value=""/>
    <property name="java.vendor.url" value="https://java.oracle.com/"/>
    <property name="user.timezone" value="Asia/Jakarta"/>
    <property name="os.name" value="Windows 11"/>
    <property name="java.vm.specification.version" value="20"/>
    <property name="user.country" value="ID"/>
    <property name="sun.java.launcher" value="SUN_STANDARD"/>
    <property name="sun.boot.library.path" value="C:\Program Files\Java\jdk-20\bin"/>
    <property name="sun.java.command" value="C:\Users\hamid\AppData\Local\Temp\surefire12140879145147379184\surefirebooter-20250611203001975_3.jar C:\Users\hamid\AppData\Local\Temp\surefire12140879145147379184 2025-06-11T20-30-01_172-jvmRun1 surefire-20250611203001975_1tmp surefire_0-20250611203001975_2tmp"/>
    <property name="jdk.debug" value="release"/>
    <property name="surefire.test.class.path" value="D:\ITTP KULIAH RPL 2022\SMT 6\KONSTRUKSI PERANGKAT LUNAK\Tugas\DesignPattern #CobaAjaDulu\SimpleJavaCIProject\target\test-classes;D:\ITTP KULIAH RPL 2022\SMT 6\KONSTRUKSI PERANGKAT LUNAK\Tugas\DesignPattern #CobaAjaDulu\SimpleJavaCIProject\target\classes;C:\Users\hamid\.m2\repository\junit\junit\4.13.2\junit-4.13.2.jar;C:\Users\hamid\.m2\repository\org\hamcrest\hamcrest-core\1.3\hamcrest-core-1.3.jar;"/>
    <property name="sun.cpu.endian" value="little"/>
    <property name="user.home" value="C:\Users\hamid"/>
    <property name="user.language" value="id"/>
    <property name="java.specification.vendor" value="Oracle Corporation"/>
    <property name="java.version.date" value="2023-07-18"/>
    <property name="java.home" value="C:\Program Files\Java\jdk-20"/>
    <property name="file.separator" value="\"/>
    <property name="basedir" value="D:\ITTP KULIAH RPL 2022\SMT 6\KONSTRUKSI PERANGKAT LUNAK\Tugas\DesignPattern #CobaAjaDulu\SimpleJavaCIProject"/>
    <property name="java.vm.compressedOopsMode" value="32-bit"/>
    <property name="line.separator" value="&#10;"/>
    <property name="java.vm.specification.vendor" value="Oracle Corporation"/>
    <property name="java.specification.name" value="Java Platform API Specification"/>
    <property name="surefire.real.class.path" value="C:\Users\hamid\AppData\Local\Temp\surefire12140879145147379184\surefirebooter-20250611203001975_3.jar"/>
    <property name="user.script" value=""/>
    <property name="sun.management.compiler" value="HotSpot 64-Bit Tiered Compilers"/>
    <property name="java.runtime.version" value="20.0.2+9-78"/>
    <property name="user.name" value="hamid"/>
    <property name="stdout.encoding" value="Cp1252"/>
    <property name="path.separator" value=";"/>
    <property name="os.version" value="10.0"/>
    <property name="java.runtime.name" value="Java(TM) SE Runtime Environment"/>
    <property name="file.encoding" value="UTF-8"/>
    <property name="java.vm.name" value="Java HotSpot(TM) 64-Bit Server VM"/>
    <property name="maven.ext.class.path" value="C:\Program Files\NetBeans-19\netbeans\java\maven-nblib\netbeans-eventspy.jar"/>
    <property name="localRepository" value="C:\Users\hamid\.m2\repository"/>
    <property name="java.vendor.url.bug" value="https://bugreport.java.com/bugreport/"/>
    <property name="java.io.tmpdir" value="C:\Users\hamid\AppData\Local\Temp\"/>
    <property name="java.version" value="20.0.2"/>
    <property name="user.dir" value="D:\ITTP KULIAH RPL 2022\SMT 6\KONSTRUKSI PERANGKAT LUNAK\Tugas\DesignPattern #CobaAjaDulu\SimpleJavaCIProject"/>
    <property name="os.arch" value="amd64"/>
    <property name="java.vm.specification.name" value="Java Virtual Machine Specification"/>
    <property name="sun.os.patch.level" value=""/>
    <property name="native.encoding" value="Cp1252"/>
    <property name="java.library.path" value="C:\Program Files\Java\jdk-20\bin;C:\WINDOWS\Sun\Java\bin;C:\WINDOWS\system32;C:\WINDOWS;C:\Program Files\Python311\Scripts\;C:\Program Files\Python311\;D:\Development\flutter\bin;C:\Program Files\Zulu\zulu-11\bin\;C:\Windows\System32\HWAudioDriverLibs;C:\Windows\system32;C:\Windows;C:\Windows\System32\Wbem;C:\Windows\System32\WindowsPowerShell\v1.0\;C:\Windows\System32\OpenSSH\;C:\Users\Administrator\AppData\Local\Microsoft\WindowsApps;C:\Users\hamid\AppData\Local\Programs\Python\Python310;C:\WINDOWS\system32;C:\WINDOWS;C:\WINDOWS\System32\Wbem;C:\WINDOWS\System32\WindowsPowerShell\v1.0\;C:\WINDOWS\System32\OpenSSH\;D:\Program Files\Git\cmd;C:\Program Files (x86)\HP\Common\HPDestPlgIn\;C:\Program Files\Docker\Docker\resources\bin;D:\Program Files\Visual Studio Code\Microsoft VS Code\bin;D:\Development\dart-sdk\bin;C:\MinGW\bin;D:\Program Files\Graphviz\bin;C:\Users\hamid\AppData\Local\Pub\Cache\bin;C:\Program Files\dotnet\;C:\Program Files\nodejs\;D:\Installer\SonarScanner\bin;C:\Users\hamid\AppData\Roaming\Python\Python311\site-packages;C:\Program Files\Go\bin;D:\Development\flutter\bin;C:\Program Files\Zulu\zulu-11\bin\;C:\Windows\System32\HWAudioDriverLibs;C:\Windows\system32;C:\Windows;C:\Windows\System32\Wbem;C:\Windows\System32\WindowsPowerShell\v1.0\;C:\Windows\System32\OpenSSH\;C:\Users\Administrator\AppData\Local\Microsoft\WindowsApps;C:\Users\hamid\AppData\Local\Programs\Python\Python310;C:\Program Files\nodejs\;C:\WINDOWS\system32;C:\WINDOWS;C:\WINDOWS\System32\Wbem;C:\WINDOWS\System32\WindowsPowerShell\v1.0\;C:\WINDOWS\System32\OpenSSH\;D:\Program Files\Git\cmd;C:\Program Files (x86)\HP\Common\HPDestPlgIn\;C:\Program Files\Docker\Docker\resources\bin;C:\Users\hamid\AppData\Local\Microsoft\WindowsApps;D:\Program Files\Python;D:\Program Files\Jetbrain\IntelliJ IDEA Community Edition 2022.2.3\bin;D:\Program Files\JetBrains\PyCharm Community Edition 2022.3.3\bin;C:\Program Files\Java\j;D:\Development\dart-sdk\bin;C:\Users\hamid\AppData\Local\Programs\Microsoft VS Code\bin;C:\MinGW\bin;C:\Users\hamid\AppData\Local\Pub\bin;D:\Program Files\Graphviz\bin;C:\Users\hamid\AppData\Local\Microsoft\WindowsApps;C:\Users\hamid\.dotnet\tools;C:\Users\hamid\AppData\Roaming\npm;C:\Users\hamid\AppData\Roaming\Python\Python311\site-packages;C:\Users\hamid\go\bin;."/>
    <property name="java.vm.info" value="mixed mode, sharing"/>
    <property name="stderr.encoding" value="Cp1252"/>
    <property name="java.vendor" value="Oracle Corporation"/>
    <property name="java.vm.version" value="20.0.2+9-78"/>
    <property name="sun.io.unicode.encoding" value="UnicodeLittle"/>
    <property name="java.class.version" value="64.0"/>
  </properties>
  <testcase name="testGreetWithEmptyString" classname="kelompok1.example.AppTest" time="0.011"/>
  <testcase name="testGreetWithSpecialCharacters" classname="kelompok1.example.AppTest" time="0.0"/>
  <testcase name="testGreetWithNormalName" classname="kelompok1.example.AppTest" time="0.0"/>
</testsuite>